<?xml version="1.0" encoding="UTF-8"?>
<robot generator="Robot 4.1.2 (Python 3.10.0 on win32)" generated="20211214 16:20:02.732" rpa="false" schemaversion="2">
<suite id="s1" name="Radiobuttons" source="C:\Development\robot-scripts\first-script\Tests\Radiobuttons.robot">
<test id="s1-t1" name="Radio Button">
<kw name="Open Browser" library="Selenium2Library">
<arg>${url}</arg>
<arg>${browser}</arg>
<doc>Opens a new browser instance to the optional ``url``.</doc>
<msg timestamp="20211214 16:20:02.902" level="INFO">Opening browser 'chrome' to base url 'http://demo.guru99.com/test/radio.html'.</msg>
<status status="PASS" starttime="20211214 16:20:02.902" endtime="20211214 16:20:05.714"/>
</kw>
<kw name="Maximize Browser Window" library="Selenium2Library">
<doc>Maximizes current browser window.</doc>
<status status="PASS" starttime="20211214 16:20:05.715" endtime="20211214 16:20:05.936"/>
</kw>
<kw name="Sleep" library="BuiltIn">
<arg>2s</arg>
<doc>Pauses the test executed for the given time.</doc>
<msg timestamp="20211214 16:20:07.946" level="INFO">Slept 2 seconds</msg>
<status status="PASS" starttime="20211214 16:20:05.936" endtime="20211214 16:20:07.946"/>
</kw>
<kw name="Select Radio Button" library="Selenium2Library">
<arg>webform</arg>
<arg>Option 1</arg>
<doc>Sets the radio button group ``group_name`` to ``value``.</doc>
<msg timestamp="20211214 16:20:07.946" level="INFO">Selecting 'Option 1' from radio button 'webform'.</msg>
<status status="PASS" starttime="20211214 16:20:07.946" endtime="20211214 16:20:08.050"/>
</kw>
<kw name="Sleep" library="BuiltIn">
<arg>2s</arg>
<doc>Pauses the test executed for the given time.</doc>
<msg timestamp="20211214 16:20:10.051" level="INFO">Slept 2 seconds</msg>
<status status="PASS" starttime="20211214 16:20:08.051" endtime="20211214 16:20:10.051"/>
</kw>
<kw name="Select Radio Button" library="Selenium2Library">
<arg>webform</arg>
<arg>Option 2</arg>
<doc>Sets the radio button group ``group_name`` to ``value``.</doc>
<msg timestamp="20211214 16:20:10.052" level="INFO">Selecting 'Option 2' from radio button 'webform'.</msg>
<status status="PASS" starttime="20211214 16:20:10.052" endtime="20211214 16:20:10.116"/>
</kw>
<kw name="Sleep" library="BuiltIn">
<arg>2s</arg>
<doc>Pauses the test executed for the given time.</doc>
<msg timestamp="20211214 16:20:12.123" level="INFO">Slept 2 seconds</msg>
<status status="PASS" starttime="20211214 16:20:10.118" endtime="20211214 16:20:12.123"/>
</kw>
<kw name="Select Radio Button" library="Selenium2Library">
<arg>webform</arg>
<arg>Option 3</arg>
<doc>Sets the radio button group ``group_name`` to ``value``.</doc>
<msg timestamp="20211214 16:20:12.123" level="INFO">Selecting 'Option 3' from radio button 'webform'.</msg>
<status status="PASS" starttime="20211214 16:20:12.123" endtime="20211214 16:20:12.197"/>
</kw>
<kw name="Sleep" library="BuiltIn">
<arg>2s</arg>
<doc>Pauses the test executed for the given time.</doc>
<msg timestamp="20211214 16:20:14.201" level="INFO">Slept 2 seconds</msg>
<status status="PASS" starttime="20211214 16:20:12.197" endtime="20211214 16:20:14.201"/>
</kw>
<kw name="Click Element" library="Selenium2Library">
<arg>id=vfb-6-0</arg>
<doc>Click the element identified by ``locator``.</doc>
<msg timestamp="20211214 16:20:14.203" level="INFO">Clicking element 'id=vfb-6-0'.</msg>
<status status="PASS" starttime="20211214 16:20:14.203" endtime="20211214 16:20:14.269"/>
</kw>
<status status="PASS" starttime="20211214 16:20:02.902" endtime="20211214 16:20:14.270"/>
</test>
<status status="PASS" starttime="20211214 16:20:02.732" endtime="20211214 16:20:14.273"/>
</suite>
<statistics>
<total>
<stat pass="1" fail="0" skip="0">All Tests</stat>
</total>
<tag>
</tag>
<suite>
<stat pass="1" fail="0" skip="0" id="s1" name="Radiobuttons">Radiobuttons</stat>
</suite>
</statistics>
<errors>
</errors>
</robot>
